0 info it worked if it ends with ok
1 verbose cli [ '/Users/sonny/.nvm/versions/node/v6.13.1/bin/node',
1 verbose cli   '/Users/sonny/.nvm/versions/node/v6.13.1/bin/npm',
1 verbose cli   'run',
1 verbose cli   'seed' ]
2 info using npm@3.10.10
3 info using node@v6.13.1
4 verbose run-script [ 'preseed', 'seed', 'postseed' ]
5 info lifecycle airbnb@1.0.0~preseed: airbnb@1.0.0
6 silly lifecycle airbnb@1.0.0~preseed: no script for preseed, continuing
7 info lifecycle airbnb@1.0.0~seed: airbnb@1.0.0
8 verbose lifecycle airbnb@1.0.0~seed: unsafe-perm in lifecycle true
9 verbose lifecycle airbnb@1.0.0~seed: PATH: /Users/sonny/.nvm/versions/node/v6.13.1/lib/node_modules/npm/bin/node-gyp-bin:/Users/sonny/Dropbox/HR/REMOTE/Junior/FEC/allen-service/node_modules/.bin:/usr/local/opt/mysql@5.7/bin:/Users/sonny/.nvm/versions/node/v6.13.1/bin:/Library/Frameworks/Python.framework/Versions/3.6/bin:/usr/local/bin:/usr/bin:/bin:/usr/sbin:/sbin:/usr/local/opt/mysql@5.7/bin:/Users/sonny/.nvm/versions/node/v6.13.1/bin:/Library/Frameworks/Python.framework/Versions/3.6/bin
10 verbose lifecycle airbnb@1.0.0~seed: CWD: /Users/sonny/Dropbox/HR/REMOTE/Junior/FEC/allen-service
11 silly lifecycle airbnb@1.0.0~seed: Args: [ '-c', 'node db/seed.js' ]
12 silly lifecycle airbnb@1.0.0~seed: Returned: code: 1  signal: null
13 info lifecycle airbnb@1.0.0~seed: Failed to exec seed script
14 verbose stack Error: airbnb@1.0.0 seed: `node db/seed.js`
14 verbose stack Exit status 1
14 verbose stack     at EventEmitter.<anonymous> (/Users/sonny/.nvm/versions/node/v6.13.1/lib/node_modules/npm/lib/utils/lifecycle.js:255:16)
14 verbose stack     at emitTwo (events.js:106:13)
14 verbose stack     at EventEmitter.emit (events.js:191:7)
14 verbose stack     at ChildProcess.<anonymous> (/Users/sonny/.nvm/versions/node/v6.13.1/lib/node_modules/npm/lib/utils/spawn.js:40:14)
14 verbose stack     at emitTwo (events.js:106:13)
14 verbose stack     at ChildProcess.emit (events.js:191:7)
14 verbose stack     at maybeClose (internal/child_process.js:920:16)
14 verbose stack     at Process.ChildProcess._handle.onexit (internal/child_process.js:230:5)
15 verbose pkgid airbnb@1.0.0
16 verbose cwd /Users/sonny/Dropbox/HR/REMOTE/Junior/FEC/allen-service
17 error Darwin 18.5.0
18 error argv "/Users/sonny/.nvm/versions/node/v6.13.1/bin/node" "/Users/sonny/.nvm/versions/node/v6.13.1/bin/npm" "run" "seed"
19 error node v6.13.1
20 error npm  v3.10.10
21 error code ELIFECYCLE
22 error airbnb@1.0.0 seed: `node db/seed.js`
22 error Exit status 1
23 error Failed at the airbnb@1.0.0 seed script 'node db/seed.js'.
23 error Make sure you have the latest version of node.js and npm installed.
23 error If you do, this is most likely a problem with the airbnb package,
23 error not with npm itself.
23 error Tell the author that this fails on your system:
23 error     node db/seed.js
23 error You can get information on how to open an issue for this project with:
23 error     npm bugs airbnb
23 error Or if that isn't available, you can get their info via:
23 error     npm owner ls airbnb
23 error There is likely additional logging output above.
24 verbose exit [ 1, true ]
